<?xml version="1.0" encoding="UTF-8"?>
<testsuite xmlns:xsi="http://www.w3.org/2001/XMLSchema-instance" xsi:noNamespaceSchemaLocation="https://maven.apache.org/surefire/maven-surefire-plugin/xsd/surefire-test-report-3.0.xsd" version="3.0" name="com.moichor.testRunner.TestRunner" time="13.08" tests="1" errors="0" skipped="0" failures="0">
  <properties>
[...]
</properties>
  <testcase name="Add a Veterinarian" classname="Test the Veterinarian Functionality" time="11.932">
    <system-out><![CDATA[
@veterinarian
Scenario: Add a Veterinarian              &amp#27;[90m# src/test/java/com/moichor/feature/client/Veterinarian.feature:4&amp#27;[0m
  &amp#27;[32mGiven &amp#27;[0m&amp#27;[32muser logged in to the application&amp#27;[0m &amp#27;[90m# com.moichor.stepDefinations.LoginSteps.userLoggedInToTheApplication()&amp#27;[0m
  &amp#27;[32mWhen &amp#27;[0m&amp#27;[32mAdd a veterinarian&amp#27;[0m                 &amp#27;[90m# com.moichor.stepDefinations.VeterinarianPageSteps.addAVeterinarian()&amp#27;[0m
  &amp#27;[32mThen &amp#27;[0m&amp#27;[32mAdded Veterinarian is displayed&amp#27;[0m    &amp#27;[90m# com.moichor.stepDefinations.VeterinarianPageSteps.addedVeterinarianIsDisplayed()&amp#27;[0m
]]></system-out>
    <system-err><![CDATA[Aug 27, 2024 3:57:06 PM org.openqa.selenium.devtools.CdpVersionFinder findNearestMatch
WARNING: Unable to find an exact match for CDP version 128, returning the closest version; found: 125; Please update to a Selenium version that supports CDP version 128
]]></system-err>
  </testcase>
</testsuite>