<?xml version="1.0" encoding="UTF-8"?>
<testsuite xmlns:xsi="http://www.w3.org/2001/XMLSchema-instance" xsi:noNamespaceSchemaLocation="https://maven.apache.org/surefire/maven-surefire-plugin/xsd/surefire-test-report-3.0.xsd" version="3.0" name="com.healthPro.testRunner.TestRunner" time="451.095" tests="14" errors="0" skipped="0" failures="0">
  <properties>
[...]
</properties>
  <testcase name="Add a client" classname="Test the client functionality" time="29.348">
    <system-out><![CDATA[
Scenario: Add a client                    &amp#27;[90m# src/test/java/com/healthPro/feature/client/Clients.feature:3&amp#27;[0m
  &amp#27;[32mGiven &amp#27;[0m&amp#27;[32muser logged in to the application&amp#27;[0m &amp#27;[90m# com.healthPro.stepDefinations.LoginSteps.userLoggedInToTheApplication()&amp#27;[0m
  &amp#27;[32mWhen &amp#27;[0m&amp#27;[32mAdd a Client&amp#27;[0m                       &amp#27;[90m# com.healthPro.stepDefinations.ClientsPageSteps.addAClient()&amp#27;[0m
  &amp#27;[32mThen &amp#27;[0m&amp#27;[32mAdded client is displayed&amp#27;[0m          &amp#27;[90m# com.healthPro.stepDefinations.ClientsPageSteps.addedClientIsDisplayed()&amp#27;[0m
]]></system-out>
    <system-err><![CDATA[Jul 11, 2024 11:03:28 AM org.openqa.selenium.devtools.CdpVersionFinder findNearestMatch
WARNING: Unable to find an exact match for CDP version 126, returning the closest version; found: 125; Please update to a Selenium version that supports CDP version 126
]]></system-err>
  </testcase>
  <testcase name="Edit the Added client" classname="Test the client functionality" time="36.565">
    <system-out><![CDATA[
Scenario: Edit the Added client           &amp#27;[90m# src/test/java/com/healthPro/feature/client/Clients.feature:8&amp#27;[0m
  &amp#27;[32mGiven &amp#27;[0m&amp#27;[32muser logged in to the application&amp#27;[0m &amp#27;[90m# com.healthPro.stepDefinations.LoginSteps.userLoggedInToTheApplication()&amp#27;[0m
  &amp#27;[32mWhen &amp#27;[0m&amp#27;[32medit the client&amp#27;[0m                    &amp#27;[90m# com.healthPro.stepDefinations.ClientsPageSteps.editTheClient()&amp#27;[0m
  &amp#27;[32mThen &amp#27;[0m&amp#27;[32medited data is displayed&amp#27;[0m           &amp#27;[90m# com.healthPro.stepDefinations.ClientsPageSteps.editedDataIsDisplayed()&amp#27;[0m
]]></system-out>
    <system-err><![CDATA[Jul 11, 2024 11:03:57 AM org.openqa.selenium.devtools.CdpVersionFinder findNearestMatch
WARNING: Unable to find an exact match for CDP version 126, returning the closest version; found: 125; Please update to a Selenium version that supports CDP version 126
]]></system-err>
  </testcase>
  <testcase name="Add a Patient" classname="Test the client functionality" time="42.059">
    <system-out><![CDATA[
Scenario: Add a Patient                   &amp#27;[90m# src/test/java/com/healthPro/feature/client/Clients.feature:14&amp#27;[0m
  &amp#27;[32mGiven &amp#27;[0m&amp#27;[32muser logged in to the application&amp#27;[0m &amp#27;[90m# com.healthPro.stepDefinations.LoginSteps.userLoggedInToTheApplication()&amp#27;[0m
  &amp#27;[32mWhen &amp#27;[0m&amp#27;[32mSelect the added client&amp#27;[0m            &amp#27;[90m# com.healthPro.stepDefinations.ClientsPageSteps.selectTheAddedClient()&amp#27;[0m
  &amp#27;[32mAnd &amp#27;[0m&amp#27;[32madd a patient&amp#27;[0m                       &amp#27;[90m# com.healthPro.stepDefinations.ClientsPageSteps.addAPatient()&amp#27;[0m
  &amp#27;[32mThen &amp#27;[0m&amp#27;[32mpatient is displayed&amp#27;[0m               &amp#27;[90m# com.healthPro.stepDefinations.ClientsPageSteps.patientIsDisplayed()&amp#27;[0m
]]></system-out>
    <system-err><![CDATA[Jul 11, 2024 11:04:33 AM org.openqa.selenium.devtools.CdpVersionFinder findNearestMatch
WARNING: Unable to find an exact match for CDP version 126, returning the closest version; found: 125; Please update to a Selenium version that supports CDP version 126
]]></system-err>
  </testcase>
  <testcase name="Delete the added client" classname="Test the client functionality" time="32.9">
    <system-out><![CDATA[
Scenario: Delete the added client         &amp#27;[90m# src/test/java/com/healthPro/feature/client/Clients.feature:31&amp#27;[0m
  &amp#27;[32mGiven &amp#27;[0m&amp#27;[32muser logged in to the application&amp#27;[0m &amp#27;[90m# com.healthPro.stepDefinations.LoginSteps.userLoggedInToTheApplication()&amp#27;[0m
  &amp#27;[32mWhen &amp#27;[0m&amp#27;[32mSelect the added client&amp#27;[0m            &amp#27;[90m# com.healthPro.stepDefinations.ClientsPageSteps.selectTheAddedClient()&amp#27;[0m
  &amp#27;[32mAnd &amp#27;[0m&amp#27;[32mdelete the selected client&amp#27;[0m          &amp#27;[90m# com.healthPro.stepDefinations.ClientsPageSteps.deleteTheSelectedClient()&amp#27;[0m
  &amp#27;[32mThen &amp#27;[0m&amp#27;[32mdeleted client is not displayed&amp#27;[0m    &amp#27;[90m# com.healthPro.stepDefinations.ClientsPageSteps.deletedClientIsNotDisplayed()&amp#27;[0m
]]></system-out>
    <system-err><![CDATA[Jul 11, 2024 11:05:16 AM org.openqa.selenium.devtools.CdpVersionFinder findNearestMatch
WARNING: Unable to find an exact match for CDP version 126, returning the closest version; found: 125; Please update to a Selenium version that supports CDP version 126
]]></system-err>
  </testcase>
  <testcase name="open the browser and login." classname="Test the login Functionality" time="23.474">
    <system-out><![CDATA[
Scenario: open the browser and login.     &amp#27;[90m# src/test/java/com/healthPro/feature/client/Login.feature:3&amp#27;[0m
  &amp#27;[32mGiven &amp#27;[0m&amp#27;[32muser logged in to the application&amp#27;[0m &amp#27;[90m# com.healthPro.stepDefinations.LoginSteps.userLoggedInToTheApplication()&amp#27;[0m
  &amp#27;[32mThen &amp#27;[0m&amp#27;[32mhome page is displayed&amp#27;[0m             &amp#27;[90m# com.healthPro.stepDefinations.LoginSteps.homePageIsDisplayed()&amp#27;[0m
]]></system-out>
    <system-err><![CDATA[Jul 11, 2024 11:05:48 AM org.openqa.selenium.devtools.CdpVersionFinder findNearestMatch
WARNING: Unable to find an exact match for CDP version 126, returning the closest version; found: 125; Please update to a Selenium version that supports CDP version 126
]]></system-err>
  </testcase>
  <testcase name="Add a patient from patient page" classname="Test the Patient Functionality" time="33.272">
    <system-out><![CDATA[
Scenario: Add a patient from patient page &amp#27;[90m# src/test/java/com/healthPro/feature/client/Patient.feature:2&amp#27;[0m
  &amp#27;[32mWhen &amp#27;[0m&amp#27;[32muser logged in to the application&amp#27;[0m  &amp#27;[90m# com.healthPro.stepDefinations.LoginSteps.userLoggedInToTheApplication()&amp#27;[0m
  &amp#27;[32mThen &amp#27;[0m&amp#27;[32mAdd a patient from patient page&amp#27;[0m    &amp#27;[90m# com.healthPro.stepDefinations.PatientPageSteps.addAPatientFromPatientPage()&amp#27;[0m
]]></system-out>
    <system-err><![CDATA[Jul 11, 2024 11:06:12 AM org.openqa.selenium.devtools.CdpVersionFinder findNearestMatch
WARNING: Unable to find an exact match for CDP version 126, returning the closest version; found: 125; Please update to a Selenium version that supports CDP version 126
]]></system-err>
  </testcase>
  <testcase name="Edit the Patient" classname="Test the Patient Functionality" time="28.764">
    <system-out><![CDATA[
Scenario: Edit the Patient                 &amp#27;[90m# src/test/java/com/healthPro/feature/client/Patient.feature:6&amp#27;[0m
  &amp#27;[32mGiven &amp#27;[0m&amp#27;[32muser logged in to the application&amp#27;[0m  &amp#27;[90m# com.healthPro.stepDefinations.LoginSteps.userLoggedInToTheApplication()&amp#27;[0m
  &amp#27;[32mThen &amp#27;[0m&amp#27;[32medit the patient from patient page&amp#27;[0m  &amp#27;[90m# com.healthPro.stepDefinations.PatientPageSteps.editThePatientFromPatientPage()&amp#27;[0m
  &amp#27;[32mThen &amp#27;[0m&amp#27;[32medited data is displayed on patient&amp#27;[0m &amp#27;[90m# com.healthPro.stepDefinations.PatientPageSteps.editedDataIsDisplayedOnPatient()&amp#27;[0m
]]></system-out>
    <system-err><![CDATA[Jul 11, 2024 11:06:45 AM org.openqa.selenium.devtools.CdpVersionFinder findNearestMatch
WARNING: Unable to find an exact match for CDP version 126, returning the closest version; found: 125; Please update to a Selenium version that supports CDP version 126
]]></system-err>
  </testcase>
  <testcase name="Delete the patient" classname="Test the Patient Functionality" time="28.03">
    <system-out><![CDATA[
Scenario: Delete the patient                          &amp#27;[90m# src/test/java/com/healthPro/feature/client/Patient.feature:11&amp#27;[0m
  &amp#27;[32mGiven &amp#27;[0m&amp#27;[32muser logged in to the application&amp#27;[0m             &amp#27;[90m# com.healthPro.stepDefinations.LoginSteps.userLoggedInToTheApplication()&amp#27;[0m
  &amp#27;[32mThen &amp#27;[0m&amp#27;[32mdelete the patient from patient page&amp#27;[0m           &amp#27;[90m# com.healthPro.stepDefinations.PatientPageSteps.deleteThePatientFromPatientPage()&amp#27;[0m
  &amp#27;[32mThen &amp#27;[0m&amp#27;[32mdeleted patient is not display on patient page&amp#27;[0m &amp#27;[90m# com.healthPro.stepDefinations.PatientPageSteps.deletedPatientIsNotDisplayOnPatientPage()&amp#27;[0m
]]></system-out>
    <system-err><![CDATA[Jul 11, 2024 11:07:14 AM org.openqa.selenium.devtools.CdpVersionFinder findNearestMatch
WARNING: Unable to find an exact match for CDP version 126, returning the closest version; found: 125; Please update to a Selenium version that supports CDP version 126
]]></system-err>
  </testcase>
  <testcase name="Add a test to created patient" classname="Test the Patient Functionality" time="36.202">
    <system-out><![CDATA[
Scenario: Add a test to created patient   &amp#27;[90m# src/test/java/com/healthPro/feature/client/Patient.feature:17&amp#27;[0m
  &amp#27;[32mGiven &amp#27;[0m&amp#27;[32muser logged in to the application&amp#27;[0m &amp#27;[90m# com.healthPro.stepDefinations.LoginSteps.userLoggedInToTheApplication()&amp#27;[0m
  &amp#27;[32mThen &amp#27;[0m&amp#27;[32mAdd a patient from patient page&amp#27;[0m    &amp#27;[90m# com.healthPro.stepDefinations.PatientPageSteps.addAPatientFromPatientPage()&amp#27;[0m
ref0632777wvj
  &amp#27;[32mThen &amp#27;[0m&amp#27;[32mAdd a test to added patient&amp#27;[0m        &amp#27;[90m# com.healthPro.stepDefinations.PatientPageSteps.addATestToAddedPatient()&amp#27;[0m
]]></system-out>
    <system-err><![CDATA[Jul 11, 2024 11:07:42 AM org.openqa.selenium.devtools.CdpVersionFinder findNearestMatch
WARNING: Unable to find an exact match for CDP version 126, returning the closest version; found: 125; Please update to a Selenium version that supports CDP version 126
]]></system-err>
  </testcase>
  <testcase name="Search the added test" classname="Test the Patient Functionality" time="57.432">
    <system-out><![CDATA[
Scenario: Search the added test             &amp#27;[90m# src/test/java/com/healthPro/feature/client/Patient.feature:22&amp#27;[0m
  &amp#27;[32mGiven &amp#27;[0m&amp#27;[32muser logged in to the application&amp#27;[0m   &amp#27;[90m# com.healthPro.stepDefinations.LoginSteps.userLoggedInToTheApplication()&amp#27;[0m
  &amp#27;[32mThen &amp#27;[0m&amp#27;[32mAdded test is displayed on test page&amp#27;[0m &amp#27;[90m# com.healthPro.stepDefinations.PatientPageSteps.addedTestIsDisplayedOnTestPage()&amp#27;[0m
]]></system-out>
    <system-err><![CDATA[Jul 11, 2024 11:08:18 AM org.openqa.selenium.devtools.CdpVersionFinder findNearestMatch
WARNING: Unable to find an exact match for CDP version 126, returning the closest version; found: 125; Please update to a Selenium version that supports CDP version 126
]]></system-err>
  </testcase>
  <testcase name="Add a Veterinarian" classname="Test the Veterinarian Functionality" time="27.329">
    <system-out><![CDATA[
Scenario: Add a Veterinarian              &amp#27;[90m# src/test/java/com/healthPro/feature/client/Veterinarian.feature:2&amp#27;[0m
  &amp#27;[32mGiven &amp#27;[0m&amp#27;[32muser logged in to the application&amp#27;[0m &amp#27;[90m# com.healthPro.stepDefinations.LoginSteps.userLoggedInToTheApplication()&amp#27;[0m
  &amp#27;[32mWhen &amp#27;[0m&amp#27;[32mAdd a veterinarian&amp#27;[0m                 &amp#27;[90m# com.healthPro.stepDefinations.VeterinarianPageSteps.addAVeterinarian()&amp#27;[0m
  &amp#27;[32mThen &amp#27;[0m&amp#27;[32mAdded Veterinarian is displayed&amp#27;[0m    &amp#27;[90m# com.healthPro.stepDefinations.VeterinarianPageSteps.addedVeterinarianIsDisplayed()&amp#27;[0m
]]></system-out>
    <system-err><![CDATA[Jul 11, 2024 11:09:16 AM org.openqa.selenium.devtools.CdpVersionFinder findNearestMatch
WARNING: Unable to find an exact match for CDP version 126, returning the closest version; found: 125; Please update to a Selenium version that supports CDP version 126
]]></system-err>
  </testcase>
  <testcase name="Edit a Veterinarian" classname="Test the Veterinarian Functionality" time="25.916">
    <system-out><![CDATA[
Scenario: Edit a Veterinarian             &amp#27;[90m# src/test/java/com/healthPro/feature/client/Veterinarian.feature:8&amp#27;[0m
  &amp#27;[32mGiven &amp#27;[0m&amp#27;[32muser logged in to the application&amp#27;[0m &amp#27;[90m# com.healthPro.stepDefinations.LoginSteps.userLoggedInToTheApplication()&amp#27;[0m
  &amp#27;[32mWhen &amp#27;[0m&amp#27;[32mEdit a Veterinarian&amp#27;[0m                &amp#27;[90m# com.healthPro.stepDefinations.VeterinarianPageSteps.editAVeterinarian()&amp#27;[0m
]]></system-out>
    <system-err><![CDATA[Jul 11, 2024 11:09:43 AM org.openqa.selenium.devtools.CdpVersionFinder findNearestMatch
WARNING: Unable to find an exact match for CDP version 126, returning the closest version; found: 125; Please update to a Selenium version that supports CDP version 126
]]></system-err>
  </testcase>
  <testcase name="verify sms notification toggle button" classname="Test the Veterinarian Functionality" time="22.796">
    <system-out><![CDATA[
Scenario: verify sms notification toggle button      &amp#27;[90m# src/test/java/com/healthPro/feature/client/Veterinarian.feature:12&amp#27;[0m
  &amp#27;[32mGiven &amp#27;[0m&amp#27;[32muser logged in to the application&amp#27;[0m            &amp#27;[90m# com.healthPro.stepDefinations.LoginSteps.userLoggedInToTheApplication()&amp#27;[0m
  &amp#27;[32mWhen &amp#27;[0m&amp#27;[32mclick on toggle button and verify the message&amp#27;[0m &amp#27;[90m# com.healthPro.stepDefinations.VeterinarianPageSteps.clickOnToggleButtonAndVerifyTheMessage()&amp#27;[0m
]]></system-out>
    <system-err><![CDATA[Jul 11, 2024 11:10:09 AM org.openqa.selenium.devtools.CdpVersionFinder findNearestMatch
WARNING: Unable to find an exact match for CDP version 126, returning the closest version; found: 125; Please update to a Selenium version that supports CDP version 126
]]></system-err>
  </testcase>
  <testcase name="Delete the added Veterinarian" classname="Test the Veterinarian Functionality" time="26.128">
    <system-out><![CDATA[
Scenario: Delete the added Veterinarian             &amp#27;[90m# src/test/java/com/healthPro/feature/client/Veterinarian.feature:16&amp#27;[0m
  &amp#27;[32mGiven &amp#27;[0m&amp#27;[32muser logged in to the application&amp#27;[0m           &amp#27;[90m# com.healthPro.stepDefinations.LoginSteps.userLoggedInToTheApplication()&amp#27;[0m
  &amp#27;[32mWhen &amp#27;[0m&amp#27;[32msearch for added Veterinarian and delete it.&amp#27;[0m &amp#27;[90m# com.healthPro.stepDefinations.VeterinarianPageSteps.searchForAddedVeterinarianAndDeleteIt()&amp#27;[0m
  &amp#27;[32mThen &amp#27;[0m&amp#27;[32mdeleted Veterinarian is not displayed&amp#27;[0m        &amp#27;[90m# com.healthPro.stepDefinations.VeterinarianPageSteps.deletedVeterinarianIsNotDisplayed()&amp#27;[0m
]]></system-out>
    <system-err><![CDATA[Jul 11, 2024 11:10:32 AM org.openqa.selenium.devtools.CdpVersionFinder findNearestMatch
WARNING: Unable to find an exact match for CDP version 126, returning the closest version; found: 125; Please update to a Selenium version that supports CDP version 126
]]></system-err>
  </testcase>
</testsuite>