<?xml version="1.0" encoding="UTF-8"?>
<testsuite xmlns:xsi="http://www.w3.org/2001/XMLSchema-instance" xsi:noNamespaceSchemaLocation="https://maven.apache.org/surefire/maven-surefire-plugin/xsd/surefire-test-report-3.0.xsd" version="3.0" name="com.healthPro.testRunner.TestRunner" time="741.028" tests="35" errors="0" skipped="0" failures="0">
  <properties>
[...]
</properties>
  <testcase name="Verify Add New Species" classname="Test the Functionality of AddNewSpecies module" time="15.309">
    <system-out><![CDATA[
Scenario: Verify Add New Species          &amp#27;[90m# src/test/java/com/healthPro/feature/client/AddNewSpecies.feature:2&amp#27;[0m
  &amp#27;[32mGiven &amp#27;[0m&amp#27;[32muser logged in to the application&amp#27;[0m &amp#27;[90m# com.healthPro.stepDefinations.LoginSteps.userLoggedInToTheApplication()&amp#27;[0m
  &amp#27;[32mThen &amp#27;[0m&amp#27;[32madd a new species&amp#27;[0m                  &amp#27;[90m# com.healthPro.stepDefinations.AddNewSpeciesPageSteps.addANewSpecies()&amp#27;[0m
]]></system-out>
    <system-err><![CDATA[Jul 17, 2024 2:36:18 PM org.openqa.selenium.devtools.CdpVersionFinder findNearestMatch
WARNING: Unable to find an exact match for CDP version 126, returning the closest version; found: 125; Please update to a Selenium version that supports CDP version 126
]]></system-err>
  </testcase>
  <testcase name="Verify View Invoice in Billing" classname="Test the functionality of billing module" time="14.698">
    <system-out><![CDATA[
Scenario: Verify View Invoice in Billing  &amp#27;[90m# src/test/java/com/healthPro/feature/client/Billing.feature:2&amp#27;[0m
  &amp#27;[32mGiven &amp#27;[0m&amp#27;[32muser logged in to the application&amp#27;[0m &amp#27;[90m# com.healthPro.stepDefinations.LoginSteps.userLoggedInToTheApplication()&amp#27;[0m
  &amp#27;[32mThen &amp#27;[0m&amp#27;[32mcheck for an existing invoice&amp#27;[0m      &amp#27;[90m# com.healthPro.stepDefinations.BillingPageSteps.checkForAnExistingInvoice()&amp#27;[0m
]]></system-out>
    <system-err><![CDATA[Jul 17, 2024 2:36:32 PM org.openqa.selenium.devtools.CdpVersionFinder findNearestMatch
WARNING: Unable to find an exact match for CDP version 126, returning the closest version; found: 125; Please update to a Selenium version that supports CDP version 126
]]></system-err>
  </testcase>
  <testcase name="Verify Download Invoice PDF in Billing" classname="Test the functionality of billing module" time="24.722">
    <system-out><![CDATA[
Scenario: Verify Download Invoice PDF in Billing &amp#27;[90m# src/test/java/com/healthPro/feature/client/Billing.feature:6&amp#27;[0m
  &amp#27;[32mGiven &amp#27;[0m&amp#27;[32muser logged in to the application&amp#27;[0m        &amp#27;[90m# com.healthPro.stepDefinations.LoginSteps.userLoggedInToTheApplication()&amp#27;[0m
  &amp#27;[32mThen &amp#27;[0m&amp#27;[32mcheck for download invoice pdf&amp#27;[0m            &amp#27;[90m# com.healthPro.stepDefinations.BillingPageSteps.checkForDownloadInvoicePdf()&amp#27;[0m
]]></system-out>
    <system-err><![CDATA[Jul 17, 2024 2:36:47 PM org.openqa.selenium.devtools.CdpVersionFinder findNearestMatch
WARNING: Unable to find an exact match for CDP version 126, returning the closest version; found: 125; Please update to a Selenium version that supports CDP version 126
]]></system-err>
  </testcase>
  <testcase name="Add a client" classname="Test the client functionality" time="11.463">
    <system-out><![CDATA[
Scenario: Add a client                    &amp#27;[90m# src/test/java/com/healthPro/feature/client/Clients.feature:3&amp#27;[0m
  &amp#27;[32mGiven &amp#27;[0m&amp#27;[32muser logged in to the application&amp#27;[0m &amp#27;[90m# com.healthPro.stepDefinations.LoginSteps.userLoggedInToTheApplication()&amp#27;[0m
  &amp#27;[32mWhen &amp#27;[0m&amp#27;[32mAdd a Client&amp#27;[0m                       &amp#27;[90m# com.healthPro.stepDefinations.ClientsPageSteps.addAClient()&amp#27;[0m
  &amp#27;[32mThen &amp#27;[0m&amp#27;[32mAdded client is displayed&amp#27;[0m          &amp#27;[90m# com.healthPro.stepDefinations.ClientsPageSteps.addedClientIsDisplayed()&amp#27;[0m
]]></system-out>
    <system-err><![CDATA[Jul 17, 2024 2:37:12 PM org.openqa.selenium.devtools.CdpVersionFinder findNearestMatch
WARNING: Unable to find an exact match for CDP version 126, returning the closest version; found: 125; Please update to a Selenium version that supports CDP version 126
]]></system-err>
  </testcase>
  <testcase name="Edit the Added client" classname="Test the client functionality" time="23.633">
    <system-out><![CDATA[
Scenario: Edit the Added client           &amp#27;[90m# src/test/java/com/healthPro/feature/client/Clients.feature:8&amp#27;[0m
  &amp#27;[32mGiven &amp#27;[0m&amp#27;[32muser logged in to the application&amp#27;[0m &amp#27;[90m# com.healthPro.stepDefinations.LoginSteps.userLoggedInToTheApplication()&amp#27;[0m
  &amp#27;[32mWhen &amp#27;[0m&amp#27;[32medit the client&amp#27;[0m                    &amp#27;[90m# com.healthPro.stepDefinations.ClientsPageSteps.editTheClient()&amp#27;[0m
  &amp#27;[32mThen &amp#27;[0m&amp#27;[32medited data is displayed&amp#27;[0m           &amp#27;[90m# com.healthPro.stepDefinations.ClientsPageSteps.editedDataIsDisplayed()&amp#27;[0m
]]></system-out>
    <system-err><![CDATA[Jul 17, 2024 2:37:23 PM org.openqa.selenium.devtools.CdpVersionFinder findNearestMatch
WARNING: Unable to find an exact match for CDP version 126, returning the closest version; found: 125; Please update to a Selenium version that supports CDP version 126
]]></system-err>
  </testcase>
  <testcase name="Add a Patient" classname="Test the client functionality" time="30.896">
    <system-out><![CDATA[
Scenario: Add a Patient                   &amp#27;[90m# src/test/java/com/healthPro/feature/client/Clients.feature:14&amp#27;[0m
  &amp#27;[32mGiven &amp#27;[0m&amp#27;[32muser logged in to the application&amp#27;[0m &amp#27;[90m# com.healthPro.stepDefinations.LoginSteps.userLoggedInToTheApplication()&amp#27;[0m
  &amp#27;[32mWhen &amp#27;[0m&amp#27;[32mSelect the added client&amp#27;[0m            &amp#27;[90m# com.healthPro.stepDefinations.ClientsPageSteps.selectTheAddedClient()&amp#27;[0m
  &amp#27;[32mAnd &amp#27;[0m&amp#27;[32madd a patient&amp#27;[0m                       &amp#27;[90m# com.healthPro.stepDefinations.ClientsPageSteps.addAPatient()&amp#27;[0m
  &amp#27;[32mThen &amp#27;[0m&amp#27;[32mpatient is displayed&amp#27;[0m               &amp#27;[90m# com.healthPro.stepDefinations.ClientsPageSteps.patientIsDisplayed()&amp#27;[0m
]]></system-out>
    <system-err><![CDATA[Jul 17, 2024 2:37:47 PM org.openqa.selenium.devtools.CdpVersionFinder findNearestMatch
WARNING: Unable to find an exact match for CDP version 126, returning the closest version; found: 125; Please update to a Selenium version that supports CDP version 126
]]></system-err>
  </testcase>
  <testcase name="Delete the added client" classname="Test the client functionality" time="16.749">
    <system-out><![CDATA[
Scenario: Delete the added client         &amp#27;[90m# src/test/java/com/healthPro/feature/client/Clients.feature:31&amp#27;[0m
  &amp#27;[32mGiven &amp#27;[0m&amp#27;[32muser logged in to the application&amp#27;[0m &amp#27;[90m# com.healthPro.stepDefinations.LoginSteps.userLoggedInToTheApplication()&amp#27;[0m
  &amp#27;[32mWhen &amp#27;[0m&amp#27;[32mSelect the added client&amp#27;[0m            &amp#27;[90m# com.healthPro.stepDefinations.ClientsPageSteps.selectTheAddedClient()&amp#27;[0m
  &amp#27;[32mAnd &amp#27;[0m&amp#27;[32mdelete the selected client&amp#27;[0m          &amp#27;[90m# com.healthPro.stepDefinations.ClientsPageSteps.deleteTheSelectedClient()&amp#27;[0m
  &amp#27;[32mThen &amp#27;[0m&amp#27;[32mdeleted client is not displayed&amp#27;[0m    &amp#27;[90m# com.healthPro.stepDefinations.ClientsPageSteps.deletedClientIsNotDisplayed()&amp#27;[0m
]]></system-out>
    <system-err><![CDATA[Jul 17, 2024 2:38:18 PM org.openqa.selenium.devtools.CdpVersionFinder findNearestMatch
WARNING: Unable to find an exact match for CDP version 126, returning the closest version; found: 125; Please update to a Selenium version that supports CDP version 126
]]></system-err>
  </testcase>
  <testcase name="Verify Give Feedback" classname="Test the Functionality of feedback module" time="11.586">
    <system-out><![CDATA[
Scenario: Verify Give Feedback            &amp#27;[90m# src/test/java/com/healthPro/feature/client/FeedBack.feature:2&amp#27;[0m
  &amp#27;[32mGiven &amp#27;[0m&amp#27;[32muser logged in to the application&amp#27;[0m &amp#27;[90m# com.healthPro.stepDefinations.LoginSteps.userLoggedInToTheApplication()&amp#27;[0m
  &amp#27;[32mThen &amp#27;[0m&amp#27;[32madd a feedback&amp#27;[0m                     &amp#27;[90m# com.healthPro.stepDefinations.FeedBackPageSteps.addAFeedback()&amp#27;[0m
]]></system-out>
    <system-err><![CDATA[Jul 17, 2024 2:38:34 PM org.openqa.selenium.devtools.CdpVersionFinder findNearestMatch
WARNING: Unable to find an exact match for CDP version 126, returning the closest version; found: 125; Please update to a Selenium version that supports CDP version 126
]]></system-err>
  </testcase>
  <testcase name="Verify Search for Client or Create Client on the fly from Test Ordering" classname="Test the Functionality of all elements in Home page" time="19.001">
    <system-out><![CDATA[
Scenario: Verify Search for Client or Create Client on the fly from Test Ordering &amp#27;[90m# src/test/java/com/healthPro/feature/client/Home.feature:2&amp#27;[0m
  &amp#27;[32mGiven &amp#27;[0m&amp#27;[32muser logged in to the application&amp#27;[0m                                         &amp#27;[90m# com.healthPro.stepDefinations.LoginSteps.userLoggedInToTheApplication()&amp#27;[0m
  &amp#27;[32mThen &amp#27;[0m&amp#27;[32madd a client from home page&amp#27;[0m                                                &amp#27;[90m# com.healthPro.stepDefinations.HomePageSteps.addAClientFromHomePage()&amp#27;[0m
  &amp#27;[32mThen &amp#27;[0m&amp#27;[32madded client is displayed on client page and delete it&amp#27;[0m                     &amp#27;[90m# com.healthPro.stepDefinations.HomePageSteps.addedClientIsDisplayedOnClientPageAndDeleteIt()&amp#27;[0m
]]></system-out>
    <system-err><![CDATA[Jul 17, 2024 2:38:46 PM org.openqa.selenium.devtools.CdpVersionFinder findNearestMatch
WARNING: Unable to find an exact match for CDP version 126, returning the closest version; found: 125; Please update to a Selenium version that supports CDP version 126
]]></system-err>
  </testcase>
  <testcase name="Verify Search for Patient or Create Patient on the fly from Test Ordering" classname="Test the Functionality of all elements in Home page" time="17.047">
    <system-out><![CDATA[
Scenario: Verify Search for Patient or Create Patient on the fly from Test Ordering &amp#27;[90m# src/test/java/com/healthPro/feature/client/Home.feature:8&amp#27;[0m
  &amp#27;[32mGiven &amp#27;[0m&amp#27;[32muser logged in to the application&amp#27;[0m                                           &amp#27;[90m# com.healthPro.stepDefinations.LoginSteps.userLoggedInToTheApplication()&amp#27;[0m
  &amp#27;[32mThen &amp#27;[0m&amp#27;[32msearch for a patient and update a patient&amp#27;[0m                                    &amp#27;[90m# com.healthPro.stepDefinations.HomePageSteps.searchForAPatientAndUpdateAPatient()&amp#27;[0m
]]></system-out>
    <system-err><![CDATA[Jul 17, 2024 2:39:05 PM org.openqa.selenium.devtools.CdpVersionFinder findNearestMatch
WARNING: Unable to find an exact match for CDP version 126, returning the closest version; found: 125; Please update to a Selenium version that supports CDP version 126
]]></system-err>
  </testcase>
  <testcase name="verify the shipping label functionality" classname="Test the Functionality of all elements in Home page" time="23.048">
    <system-out><![CDATA[
Scenario: verify the shipping label functionality &amp#27;[90m# src/test/java/com/healthPro/feature/client/Home.feature:17&amp#27;[0m
  &amp#27;[32mGiven &amp#27;[0m&amp#27;[32muser logged in to the application&amp#27;[0m         &amp#27;[90m# com.healthPro.stepDefinations.LoginSteps.userLoggedInToTheApplication()&amp#27;[0m
  &amp#27;[32mThen &amp#27;[0m&amp#27;[32mclick on create shipping label element&amp#27;[0m     &amp#27;[90m# com.healthPro.stepDefinations.HomePageSteps.clickOnCreateShippingLabelElement()&amp#27;[0m
]]></system-out>
    <system-err><![CDATA[Jul 17, 2024 2:39:22 PM org.openqa.selenium.devtools.CdpVersionFinder findNearestMatch
WARNING: Unable to find an exact match for CDP version 126, returning the closest version; found: 125; Please update to a Selenium version that supports CDP version 126
]]></system-err>
  </testcase>
  <testcase name="Verify Search for Test Bundle from Test Ordering" classname="Test the Functionality of all elements in Home page" time="21.857">
    <system-out><![CDATA[
Scenario: Verify Search for Test Bundle from Test Ordering &amp#27;[90m# src/test/java/com/healthPro/feature/client/Home.feature:22&amp#27;[0m
  &amp#27;[32mGiven &amp#27;[0m&amp#27;[32muser logged in to the application&amp#27;[0m                  &amp#27;[90m# com.healthPro.stepDefinations.LoginSteps.userLoggedInToTheApplication()&amp#27;[0m
  &amp#27;[32mThen &amp#27;[0m&amp#27;[32madd a test from select test menu&amp#27;[0m                    &amp#27;[90m# com.healthPro.stepDefinations.HomePageSteps.addATestFromSelectTestMenu()&amp#27;[0m
]]></system-out>
    <system-err><![CDATA[Jul 17, 2024 2:39:45 PM org.openqa.selenium.devtools.CdpVersionFinder findNearestMatch
WARNING: Unable to find an exact match for CDP version 126, returning the closest version; found: 125; Please update to a Selenium version that supports CDP version 126
]]></system-err>
  </testcase>
  <testcase name="Verify View Lab Test Directory" classname="Test the Functionality of LabTestDirectory" time="42.489">
    <system-out><![CDATA[
Scenario: Verify View Lab Test Directory      &amp#27;[90m# src/test/java/com/healthPro/feature/client/LabTestDirectory.feature:2&amp#27;[0m
  &amp#27;[32mGiven &amp#27;[0m&amp#27;[32muser logged in to the application&amp#27;[0m     &amp#27;[90m# com.healthPro.stepDefinations.LoginSteps.userLoggedInToTheApplication()&amp#27;[0m
  &amp#27;[32mThen &amp#27;[0m&amp#27;[32mcheck the Lab Test Directory page&amp#27;[0m      &amp#27;[90m# com.healthPro.stepDefinations.LabTestDirectoryPAgeSteps.checkTheLabTestDirectoryPage()&amp#27;[0m
  &amp#27;[32mThen &amp#27;[0m&amp#27;[32mcheck for each element in test bundles&amp#27;[0m &amp#27;[90m# com.healthPro.stepDefinations.LabTestDirectoryPAgeSteps.checkForEachElementInTestBundles()&amp#27;[0m
]]></system-out>
    <system-err><![CDATA[Jul 17, 2024 2:40:07 PM org.openqa.selenium.devtools.CdpVersionFinder findNearestMatch
WARNING: Unable to find an exact match for CDP version 126, returning the closest version; found: 125; Please update to a Selenium version that supports CDP version 126
]]></system-err>
  </testcase>
  <testcase name="Verify Search Lab Test Directory" classname="Test the Functionality of LabTestDirectory" time="14.897">
    <system-out><![CDATA[
Scenario: Verify Search Lab Test Directory                     &amp#27;[90m# src/test/java/com/healthPro/feature/client/LabTestDirectory.feature:7&amp#27;[0m
  &amp#27;[32mGiven &amp#27;[0m&amp#27;[32muser logged in to the application&amp#27;[0m                      &amp#27;[90m# com.healthPro.stepDefinations.LoginSteps.userLoggedInToTheApplication()&amp#27;[0m
  &amp#27;[32mThen &amp#27;[0m&amp#27;[32msearch the relevant test from search lab test directory&amp#27;[0m &amp#27;[90m# com.healthPro.stepDefinations.LabTestDirectoryPAgeSteps.searchTheRelevantTestFromSearchLabTestDirectory()&amp#27;[0m
]]></system-out>
    <system-err><![CDATA[Jul 17, 2024 2:40:49 PM org.openqa.selenium.devtools.CdpVersionFinder findNearestMatch
WARNING: Unable to find an exact match for CDP version 126, returning the closest version; found: 125; Please update to a Selenium version that supports CDP version 126
]]></system-err>
  </testcase>
  <testcase name="open the browser and login." classname="Test the login Functionality" time="12.292">
    <system-out><![CDATA[
Scenario: open the browser and login.     &amp#27;[90m# src/test/java/com/healthPro/feature/client/Login.feature:3&amp#27;[0m
  &amp#27;[32mGiven &amp#27;[0m&amp#27;[32muser logged in to the application&amp#27;[0m &amp#27;[90m# com.healthPro.stepDefinations.LoginSteps.userLoggedInToTheApplication()&amp#27;[0m
  &amp#27;[32mThen &amp#27;[0m&amp#27;[32mhome page is displayed&amp#27;[0m             &amp#27;[90m# com.healthPro.stepDefinations.LoginSteps.homePageIsDisplayed()&amp#27;[0m
]]></system-out>
    <system-err><![CDATA[Jul 17, 2024 2:41:04 PM org.openqa.selenium.devtools.CdpVersionFinder findNearestMatch
WARNING: Unable to find an exact match for CDP version 126, returning the closest version; found: 125; Please update to a Selenium version that supports CDP version 126
]]></system-err>
  </testcase>
  <testcase name="Verify Get sample shipping label" classname="Test the Functionality of Logistics module" time="55.873">
    <system-out><![CDATA[
Scenario: Verify Get sample shipping label      &amp#27;[90m# src/test/java/com/healthPro/feature/client/Logistics.feature:2&amp#27;[0m
  &amp#27;[32mGiven &amp#27;[0m&amp#27;[32muser logged in to the application&amp#27;[0m       &amp#27;[90m# com.healthPro.stepDefinations.LoginSteps.userLoggedInToTheApplication()&amp#27;[0m
There are no samples that may be included in the shipment
  &amp#27;[32mThen &amp#27;[0m&amp#27;[32mselect the sample to include in shipping&amp#27;[0m &amp#27;[90m# com.healthPro.stepDefinations.LogisticsPageSteps.selectTheSampleToIncludeInShipping()&amp#27;[0m
]]></system-out>
    <system-err><![CDATA[Jul 17, 2024 2:41:17 PM org.openqa.selenium.devtools.CdpVersionFinder findNearestMatch
WARNING: Unable to find an exact match for CDP version 126, returning the closest version; found: 125; Please update to a Selenium version that supports CDP version 126
SLF4J: Failed to load class "org.slf4j.impl.StaticLoggerBinder".
SLF4J: Defaulting to no-operation (NOP) logger implementation
SLF4J: See http://www.slf4j.org/codes.html#StaticLoggerBinder for further details.
]]></system-err>
  </testcase>
  <testcase name="Verify Request Supplies" classname="Test the Functionality of Logistics module" time="18.761">
    <system-out><![CDATA[
Scenario: Verify Request Supplies         &amp#27;[90m# src/test/java/com/healthPro/feature/client/Logistics.feature:6&amp#27;[0m
  &amp#27;[32mGiven &amp#27;[0m&amp#27;[32muser logged in to the application&amp#27;[0m &amp#27;[90m# com.healthPro.stepDefinations.LoginSteps.userLoggedInToTheApplication()&amp#27;[0m
  &amp#27;[32mThen &amp#27;[0m&amp#27;[32mSelect items for supplies&amp#27;[0m          &amp#27;[90m# com.healthPro.stepDefinations.LogisticsPageSteps.selectItemsForSupplies()&amp#27;[0m
]]></system-out>
    <system-err><![CDATA[Jul 17, 2024 2:42:13 PM org.openqa.selenium.devtools.CdpVersionFinder findNearestMatch
WARNING: Unable to find an exact match for CDP version 126, returning the closest version; found: 125; Please update to a Selenium version that supports CDP version 126
]]></system-err>
  </testcase>
  <testcase name="Add a patient from patient page" classname="Test the Patient Functionality" time="23.321">
    <system-out><![CDATA[
Scenario: Add a patient from patient page &amp#27;[90m# src/test/java/com/healthPro/feature/client/Patient.feature:2&amp#27;[0m
  &amp#27;[32mWhen &amp#27;[0m&amp#27;[32muser logged in to the application&amp#27;[0m  &amp#27;[90m# com.healthPro.stepDefinations.LoginSteps.userLoggedInToTheApplication()&amp#27;[0m
  &amp#27;[32mThen &amp#27;[0m&amp#27;[32mAdd a patient from patient page&amp#27;[0m    &amp#27;[90m# com.healthPro.stepDefinations.PatientPageSteps.addAPatientFromPatientPage()&amp#27;[0m
]]></system-out>
    <system-err><![CDATA[Jul 17, 2024 2:42:31 PM org.openqa.selenium.devtools.CdpVersionFinder findNearestMatch
WARNING: Unable to find an exact match for CDP version 126, returning the closest version; found: 125; Please update to a Selenium version that supports CDP version 126
]]></system-err>
  </testcase>
  <testcase name="Edit the Patient" classname="Test the Patient Functionality" time="19.692">
    <system-out><![CDATA[
Scenario: Edit the Patient                 &amp#27;[90m# src/test/java/com/healthPro/feature/client/Patient.feature:6&amp#27;[0m
  &amp#27;[32mGiven &amp#27;[0m&amp#27;[32muser logged in to the application&amp#27;[0m  &amp#27;[90m# com.healthPro.stepDefinations.LoginSteps.userLoggedInToTheApplication()&amp#27;[0m
  &amp#27;[32mThen &amp#27;[0m&amp#27;[32medit the patient from patient page&amp#27;[0m  &amp#27;[90m# com.healthPro.stepDefinations.PatientPageSteps.editThePatientFromPatientPage()&amp#27;[0m
  &amp#27;[32mThen &amp#27;[0m&amp#27;[32medited data is displayed on patient&amp#27;[0m &amp#27;[90m# com.healthPro.stepDefinations.PatientPageSteps.editedDataIsDisplayedOnPatient()&amp#27;[0m
]]></system-out>
    <system-err><![CDATA[Jul 17, 2024 2:42:54 PM org.openqa.selenium.devtools.CdpVersionFinder findNearestMatch
WARNING: Unable to find an exact match for CDP version 126, returning the closest version; found: 125; Please update to a Selenium version that supports CDP version 126
]]></system-err>
  </testcase>
  <testcase name="Delete the patient" classname="Test the Patient Functionality" time="16.107">
    <system-out><![CDATA[
Scenario: Delete the patient                          &amp#27;[90m# src/test/java/com/healthPro/feature/client/Patient.feature:11&amp#27;[0m
  &amp#27;[32mGiven &amp#27;[0m&amp#27;[32muser logged in to the application&amp#27;[0m             &amp#27;[90m# com.healthPro.stepDefinations.LoginSteps.userLoggedInToTheApplication()&amp#27;[0m
  &amp#27;[32mThen &amp#27;[0m&amp#27;[32mdelete the patient from patient page&amp#27;[0m           &amp#27;[90m# com.healthPro.stepDefinations.PatientPageSteps.deleteThePatientFromPatientPage()&amp#27;[0m
  &amp#27;[32mThen &amp#27;[0m&amp#27;[32mdeleted patient is not display on patient page&amp#27;[0m &amp#27;[90m# com.healthPro.stepDefinations.PatientPageSteps.deletedPatientIsNotDisplayOnPatientPage()&amp#27;[0m
]]></system-out>
    <system-err><![CDATA[Jul 17, 2024 2:43:14 PM org.openqa.selenium.devtools.CdpVersionFinder findNearestMatch
WARNING: Unable to find an exact match for CDP version 126, returning the closest version; found: 125; Please update to a Selenium version that supports CDP version 126
]]></system-err>
  </testcase>
  <testcase name="Add a test to created patient" classname="Test the Patient Functionality" time="31.706">
    <system-out><![CDATA[
Scenario: Add a test to created patient   &amp#27;[90m# src/test/java/com/healthPro/feature/client/Patient.feature:17&amp#27;[0m
  &amp#27;[32mGiven &amp#27;[0m&amp#27;[32muser logged in to the application&amp#27;[0m &amp#27;[90m# com.healthPro.stepDefinations.LoginSteps.userLoggedInToTheApplication()&amp#27;[0m
  &amp#27;[32mThen &amp#27;[0m&amp#27;[32mAdd a patient from patient page&amp#27;[0m    &amp#27;[90m# com.healthPro.stepDefinations.PatientPageSteps.addAPatientFromPatientPage()&amp#27;[0m
ref4930746exj
  &amp#27;[32mThen &amp#27;[0m&amp#27;[32mAdd a test to added patient&amp#27;[0m        &amp#27;[90m# com.healthPro.stepDefinations.PatientPageSteps.addATestToAddedPatient()&amp#27;[0m
]]></system-out>
    <system-err><![CDATA[Jul 17, 2024 2:43:30 PM org.openqa.selenium.devtools.CdpVersionFinder findNearestMatch
WARNING: Unable to find an exact match for CDP version 126, returning the closest version; found: 125; Please update to a Selenium version that supports CDP version 126
]]></system-err>
  </testcase>
  <testcase name="Search the added test" classname="Test the Patient Functionality" time="28.595">
    <system-out><![CDATA[
Scenario: Search the added test             &amp#27;[90m# src/test/java/com/healthPro/feature/client/Patient.feature:22&amp#27;[0m
  &amp#27;[32mGiven &amp#27;[0m&amp#27;[32muser logged in to the application&amp#27;[0m   &amp#27;[90m# com.healthPro.stepDefinations.LoginSteps.userLoggedInToTheApplication()&amp#27;[0m
  &amp#27;[32mThen &amp#27;[0m&amp#27;[32mAdded test is displayed on test page&amp#27;[0m &amp#27;[90m# com.healthPro.stepDefinations.PatientPageSteps.addedTestIsDisplayedOnTestPage()&amp#27;[0m
]]></system-out>
    <system-err><![CDATA[Jul 17, 2024 2:44:02 PM org.openqa.selenium.devtools.CdpVersionFinder findNearestMatch
WARNING: Unable to find an exact match for CDP version 126, returning the closest version; found: 125; Please update to a Selenium version that supports CDP version 126
]]></system-err>
  </testcase>
  <testcase name="Verify the Sign Out functionality" classname="Test the functionality of sign out" time="19.618">
    <system-out><![CDATA[
Scenario: Verify the Sign Out functionality &amp#27;[90m# src/test/java/com/healthPro/feature/client/SignOut.feature:2&amp#27;[0m
  &amp#27;[32mGiven &amp#27;[0m&amp#27;[32muser logged in to the application&amp#27;[0m   &amp#27;[90m# com.healthPro.stepDefinations.LoginSteps.userLoggedInToTheApplication()&amp#27;[0m
  &amp#27;[32mThen &amp#27;[0m&amp#27;[32msign out from the application&amp#27;[0m        &amp#27;[90m# com.healthPro.stepDefinations.SignOutPageSteps.signOutFromTheApplication()&amp#27;[0m
  &amp#27;[32mThen &amp#27;[0m&amp#27;[32mlogin page is displayed&amp#27;[0m              &amp#27;[90m# com.healthPro.stepDefinations.SignOutPageSteps.loginPageIsDisplayed()&amp#27;[0m
]]></system-out>
    <system-err><![CDATA[Jul 17, 2024 2:44:31 PM org.openqa.selenium.devtools.CdpVersionFinder findNearestMatch
WARNING: Unable to find an exact match for CDP version 126, returning the closest version; found: 125; Please update to a Selenium version that supports CDP version 126
]]></system-err>
  </testcase>
  <testcase name="Add a test from test page" classname="Test the Functionality of Tests Page" time="31.111">
    <system-out><![CDATA[
Scenario: Add a test from test page       &amp#27;[90m# src/test/java/com/healthPro/feature/client/Tests.feature:2&amp#27;[0m
  &amp#27;[32mGiven &amp#27;[0m&amp#27;[32muser logged in to the application&amp#27;[0m &amp#27;[90m# com.healthPro.stepDefinations.LoginSteps.userLoggedInToTheApplication()&amp#27;[0m
ref9221204mkg
  &amp#27;[32mThen &amp#27;[0m&amp#27;[32madd a test&amp#27;[0m                         &amp#27;[90m# com.healthPro.stepDefinations.TestsPageSteps.addATest()&amp#27;[0m
]]></system-out>
    <system-err><![CDATA[Jul 17, 2024 2:44:50 PM org.openqa.selenium.devtools.CdpVersionFinder findNearestMatch
WARNING: Unable to find an exact match for CDP version 126, returning the closest version; found: 125; Please update to a Selenium version that supports CDP version 126
]]></system-err>
  </testcase>
  <testcase name="Edit a test from test page" classname="Test the Functionality of Tests Page" time="15.918">
    <system-out><![CDATA[
Scenario: Edit a test from test page      &amp#27;[90m# src/test/java/com/healthPro/feature/client/Tests.feature:7&amp#27;[0m
  &amp#27;[32mGiven &amp#27;[0m&amp#27;[32muser logged in to the application&amp#27;[0m &amp#27;[90m# com.healthPro.stepDefinations.LoginSteps.userLoggedInToTheApplication()&amp#27;[0m
  &amp#27;[32mThen &amp#27;[0m&amp#27;[32medit the test&amp#27;[0m                      &amp#27;[90m# com.healthPro.stepDefinations.TestsPageSteps.editTheTest()&amp#27;[0m
]]></system-out>
    <system-err><![CDATA[Jul 17, 2024 2:45:21 PM org.openqa.selenium.devtools.CdpVersionFinder findNearestMatch
WARNING: Unable to find an exact match for CDP version 126, returning the closest version; found: 125; Please update to a Selenium version that supports CDP version 126
]]></system-err>
  </testcase>
  <testcase name="Delete a test from test page" classname="Test the Functionality of Tests Page" time="12.219">
    <system-out><![CDATA[
Scenario: Delete a test from test page    &amp#27;[90m# src/test/java/com/healthPro/feature/client/Tests.feature:11&amp#27;[0m
  &amp#27;[32mGiven &amp#27;[0m&amp#27;[32muser logged in to the application&amp#27;[0m &amp#27;[90m# com.healthPro.stepDefinations.LoginSteps.userLoggedInToTheApplication()&amp#27;[0m
  &amp#27;[32mThen &amp#27;[0m&amp#27;[32mdelete the test&amp#27;[0m                    &amp#27;[90m# com.healthPro.stepDefinations.TestsPageSteps.deleteTheTest()&amp#27;[0m
]]></system-out>
    <system-err><![CDATA[Jul 17, 2024 2:45:37 PM org.openqa.selenium.devtools.CdpVersionFinder findNearestMatch
WARNING: Unable to find an exact match for CDP version 126, returning the closest version; found: 125; Please update to a Selenium version that supports CDP version 126
]]></system-err>
  </testcase>
  <testcase name="Verify View Filter tests by statuses" classname="Test the Functionality of Tests Page" time="38.578">
    <system-out><![CDATA[
Scenario: Verify View Filter tests by statuses &amp#27;[90m# src/test/java/com/healthPro/feature/client/Tests.feature:16&amp#27;[0m
  &amp#27;[32mGiven &amp#27;[0m&amp#27;[32muser logged in to the application&amp#27;[0m      &amp#27;[90m# com.healthPro.stepDefinations.LoginSteps.userLoggedInToTheApplication()&amp#27;[0m
[[[ChromeDriver: chrome on windows (ee3a5cc677ddd1522164bb773c3ee865)] -> css selector: [class*='px'] [href*='/app/']], [[ChromeDriver: chrome on windows (ee3a5cc677ddd1522164bb773c3ee865)] -> css selector: [class*='px'] [href*='/app/']], [[ChromeDriver: chrome on windows (ee3a5cc677ddd1522164bb773c3ee865)] -> css selector: [class*='px'] [href*='/app/']], [[ChromeDriver: chrome on windows (ee3a5cc677ddd1522164bb773c3ee865)] -> css selector: [class*='px'] [href*='/app/']], [[ChromeDriver: chrome on windows (ee3a5cc677ddd1522164bb773c3ee865)] -> css selector: [class*='px'] [href*='/app/']], [[ChromeDriver: chrome on windows (ee3a5cc677ddd1522164bb773c3ee865)] -> css selector: [class*='px'] [href*='/app/']], [[ChromeDriver: chrome on windows (ee3a5cc677ddd1522164bb773c3ee865)] -> css selector: [class*='px'] [href*='/app/']], [[ChromeDriver: chrome on windows (ee3a5cc677ddd1522164bb773c3ee865)] -> css selector: [class*='px'] [href*='/app/']], [[ChromeDriver: chrome on windows (ee3a5cc677ddd1522164bb773c3ee865)] -> css selector: [class*='px'] [href*='/app/']], [[ChromeDriver: chrome on windows (ee3a5cc677ddd1522164bb773c3ee865)] -> css selector: [class*='px'] [href*='/app/']], [[ChromeDriver: chrome on windows (ee3a5cc677ddd1522164bb773c3ee865)] -> css selector: [class*='px'] [href*='/app/']], [[ChromeDriver: chrome on windows (ee3a5cc677ddd1522164bb773c3ee865)] -> css selector: [class*='px'] [href*='/app/']]]
All Tests
Created Tests
In Shipment Tests
Pending Tests
In Review Tests
Review Completed Tests
In Validation Tests
Pathology Review Tests
Completed Tests
Processing Tests
Failed Tests
Received Tests
  &amp#27;[32mThen &amp#27;[0m&amp#27;[32mcheck all test status&amp#27;[0m                   &amp#27;[90m# com.healthPro.stepDefinations.TestsPageSteps.checkAllTestStatus()&amp#27;[0m
]]></system-out>
    <system-err><![CDATA[Jul 17, 2024 2:45:49 PM org.openqa.selenium.devtools.CdpVersionFinder findNearestMatch
WARNING: Unable to find an exact match for CDP version 126, returning the closest version; found: 125; Please update to a Selenium version that supports CDP version 126
]]></system-err>
  </testcase>
  <testcase name="Verify Sample info sheet from Info Sheet button from test page" classname="Test the Functionality of Tests Page" time="10.575">
    <system-out><![CDATA[
Scenario: Verify Sample info sheet from Info Sheet button from test page &amp#27;[90m# src/test/java/com/healthPro/feature/client/Tests.feature:21&amp#27;[0m
  &amp#27;[32mGiven &amp#27;[0m&amp#27;[32muser logged in to the application&amp#27;[0m                                &amp#27;[90m# com.healthPro.stepDefinations.LoginSteps.userLoggedInToTheApplication()&amp#27;[0m
  &amp#27;[32mThen &amp#27;[0m&amp#27;[32mcheck for info sheet&amp#27;[0m                                              &amp#27;[90m# com.healthPro.stepDefinations.TestsPageSteps.checkForInfoSheet()&amp#27;[0m
]]></system-out>
    <system-err><![CDATA[Jul 17, 2024 2:46:28 PM org.openqa.selenium.devtools.CdpVersionFinder findNearestMatch
WARNING: Unable to find an exact match for CDP version 126, returning the closest version; found: 125; Please update to a Selenium version that supports CDP version 126
]]></system-err>
  </testcase>
  <testcase name="Verify Test Archiving" classname="Test the Functionality of Tests Page" time="43.123">
    <system-out><![CDATA[
Scenario: Verify Test Archiving                  &amp#27;[90m# src/test/java/com/healthPro/feature/client/Tests.feature:26&amp#27;[0m
  &amp#27;[32mGiven &amp#27;[0m&amp#27;[32muser logged in to the application&amp#27;[0m        &amp#27;[90m# com.healthPro.stepDefinations.LoginSteps.userLoggedInToTheApplication()&amp#27;[0m
[[[ChromeDriver: chrome on windows (1ae238f421f4f13b6da1ae217ec892c2)] -> css selector: [class*='px'] [href*='/app/']], [[ChromeDriver: chrome on windows (1ae238f421f4f13b6da1ae217ec892c2)] -> css selector: [class*='px'] [href*='/app/']], [[ChromeDriver: chrome on windows (1ae238f421f4f13b6da1ae217ec892c2)] -> css selector: [class*='px'] [href*='/app/']], [[ChromeDriver: chrome on windows (1ae238f421f4f13b6da1ae217ec892c2)] -> css selector: [class*='px'] [href*='/app/']], [[ChromeDriver: chrome on windows (1ae238f421f4f13b6da1ae217ec892c2)] -> css selector: [class*='px'] [href*='/app/']], [[ChromeDriver: chrome on windows (1ae238f421f4f13b6da1ae217ec892c2)] -> css selector: [class*='px'] [href*='/app/']], [[ChromeDriver: chrome on windows (1ae238f421f4f13b6da1ae217ec892c2)] -> css selector: [class*='px'] [href*='/app/']], [[ChromeDriver: chrome on windows (1ae238f421f4f13b6da1ae217ec892c2)] -> css selector: [class*='px'] [href*='/app/']], [[ChromeDriver: chrome on windows (1ae238f421f4f13b6da1ae217ec892c2)] -> css selector: [class*='px'] [href*='/app/']], [[ChromeDriver: chrome on windows (1ae238f421f4f13b6da1ae217ec892c2)] -> css selector: [class*='px'] [href*='/app/']], [[ChromeDriver: chrome on windows (1ae238f421f4f13b6da1ae217ec892c2)] -> css selector: [class*='px'] [href*='/app/']], [[ChromeDriver: chrome on windows (1ae238f421f4f13b6da1ae217ec892c2)] -> css selector: [class*='px'] [href*='/app/']]]
All Tests
Created Tests
In Shipment Tests
Pending Tests
In Review Tests
Review Completed Tests
In Validation Tests
Pathology Review Tests
Completed Tests
Processing Tests
Failed Tests
Received Tests
All Tests
Created Tests
In Shipment Tests
Pending Tests
In Review Tests
Review Completed Tests
In Validation Tests
Pathology Review Tests
Completed Tests
  &amp#27;[32mThen &amp#27;[0m&amp#27;[32marchive the test&amp#27;[0m                          &amp#27;[90m# com.healthPro.stepDefinations.TestsPageSteps.archiveTheTest()&amp#27;[0m
  &amp#27;[32mThen &amp#27;[0m&amp#27;[32marchive test is displayed on archive page&amp#27;[0m &amp#27;[90m# com.healthPro.stepDefinations.TestsPageSteps.archiveTestIsDisplayedOnArchivePage()&amp#27;[0m
]]></system-out>
    <system-err><![CDATA[Jul 17, 2024 2:46:38 PM org.openqa.selenium.devtools.CdpVersionFinder findNearestMatch
WARNING: Unable to find an exact match for CDP version 126, returning the closest version; found: 125; Please update to a Selenium version that supports CDP version 126
]]></system-err>
  </testcase>
  <testcase name="Verify Filter test by Ordering Veterinarians" classname="Test the Functionality of Tests Page" time="13.841">
    <system-out><![CDATA[
Scenario: Verify Filter test by Ordering Veterinarians &amp#27;[90m# src/test/java/com/healthPro/feature/client/Tests.feature:31&amp#27;[0m
  &amp#27;[32mGiven &amp#27;[0m&amp#27;[32muser logged in to the application&amp#27;[0m              &amp#27;[90m# com.healthPro.stepDefinations.LoginSteps.userLoggedInToTheApplication()&amp#27;[0m
  &amp#27;[32mThen &amp#27;[0m&amp#27;[32mselect the veterinarian from test module&amp#27;[0m        &amp#27;[90m# com.healthPro.stepDefinations.TestsPageSteps.selectTheVeterinarianFromTestModule()&amp#27;[0m
]]></system-out>
    <system-err><![CDATA[Jul 17, 2024 2:47:22 PM org.openqa.selenium.devtools.CdpVersionFinder findNearestMatch
WARNING: Unable to find an exact match for CDP version 126, returning the closest version; found: 125; Please update to a Selenium version that supports CDP version 126
]]></system-err>
  </testcase>
  <testcase name="Verify Search Test by patient name" classname="Test the Functionality of Tests Page" time="13.492">
    <system-out><![CDATA[
Scenario: Verify Search Test by patient name        &amp#27;[90m# src/test/java/com/healthPro/feature/client/Tests.feature:35&amp#27;[0m
  &amp#27;[32mGiven &amp#27;[0m&amp#27;[32muser logged in to the application&amp#27;[0m           &amp#27;[90m# com.healthPro.stepDefinations.LoginSteps.userLoggedInToTheApplication()&amp#27;[0m
  &amp#27;[32mThen &amp#27;[0m&amp#27;[32msearch for existing patient from test module&amp#27;[0m &amp#27;[90m# com.healthPro.stepDefinations.TestsPageSteps.searchForExistingPatientFromTestModule()&amp#27;[0m
]]></system-out>
    <system-err><![CDATA[Jul 17, 2024 2:47:36 PM org.openqa.selenium.devtools.CdpVersionFinder findNearestMatch
WARNING: Unable to find an exact match for CDP version 126, returning the closest version; found: 125; Please update to a Selenium version that supports CDP version 126
]]></system-err>
  </testcase>
  <testcase name="Add a Veterinarian" classname="Test the Veterinarian Functionality" time="11.572">
    <system-out><![CDATA[
Scenario: Add a Veterinarian              &amp#27;[90m# src/test/java/com/healthPro/feature/client/Veterinarian.feature:2&amp#27;[0m
  &amp#27;[32mGiven &amp#27;[0m&amp#27;[32muser logged in to the application&amp#27;[0m &amp#27;[90m# com.healthPro.stepDefinations.LoginSteps.userLoggedInToTheApplication()&amp#27;[0m
  &amp#27;[32mWhen &amp#27;[0m&amp#27;[32mAdd a veterinarian&amp#27;[0m                 &amp#27;[90m# com.healthPro.stepDefinations.VeterinarianPageSteps.addAVeterinarian()&amp#27;[0m
  &amp#27;[32mThen &amp#27;[0m&amp#27;[32mAdded Veterinarian is displayed&amp#27;[0m    &amp#27;[90m# com.healthPro.stepDefinations.VeterinarianPageSteps.addedVeterinarianIsDisplayed()&amp#27;[0m
]]></system-out>
    <system-err><![CDATA[Jul 17, 2024 2:47:49 PM org.openqa.selenium.devtools.CdpVersionFinder findNearestMatch
WARNING: Unable to find an exact match for CDP version 126, returning the closest version; found: 125; Please update to a Selenium version that supports CDP version 126
]]></system-err>
  </testcase>
  <testcase name="Edit a Veterinarian" classname="Test the Veterinarian Functionality" time="12.825">
    <system-out><![CDATA[
Scenario: Edit a Veterinarian             &amp#27;[90m# src/test/java/com/healthPro/feature/client/Veterinarian.feature:8&amp#27;[0m
  &amp#27;[32mGiven &amp#27;[0m&amp#27;[32muser logged in to the application&amp#27;[0m &amp#27;[90m# com.healthPro.stepDefinations.LoginSteps.userLoggedInToTheApplication()&amp#27;[0m
  &amp#27;[32mWhen &amp#27;[0m&amp#27;[32mEdit a Veterinarian&amp#27;[0m                &amp#27;[90m# com.healthPro.stepDefinations.VeterinarianPageSteps.editAVeterinarian()&amp#27;[0m
]]></system-out>
    <system-err><![CDATA[Jul 17, 2024 2:48:01 PM org.openqa.selenium.devtools.CdpVersionFinder findNearestMatch
WARNING: Unable to find an exact match for CDP version 126, returning the closest version; found: 125; Please update to a Selenium version that supports CDP version 126
]]></system-err>
  </testcase>
  <testcase name="verify sms notification toggle button" classname="Test the Veterinarian Functionality" time="10.763">
    <system-out><![CDATA[
Scenario: verify sms notification toggle button      &amp#27;[90m# src/test/java/com/healthPro/feature/client/Veterinarian.feature:12&amp#27;[0m
  &amp#27;[32mGiven &amp#27;[0m&amp#27;[32muser logged in to the application&amp#27;[0m            &amp#27;[90m# com.healthPro.stepDefinations.LoginSteps.userLoggedInToTheApplication()&amp#27;[0m
  &amp#27;[32mWhen &amp#27;[0m&amp#27;[32mclick on toggle button and verify the message&amp#27;[0m &amp#27;[90m# com.healthPro.stepDefinations.VeterinarianPageSteps.clickOnToggleButtonAndVerifyTheMessage()&amp#27;[0m
]]></system-out>
    <system-err><![CDATA[Jul 17, 2024 2:48:14 PM org.openqa.selenium.devtools.CdpVersionFinder findNearestMatch
WARNING: Unable to find an exact match for CDP version 126, returning the closest version; found: 125; Please update to a Selenium version that supports CDP version 126
]]></system-err>
  </testcase>
  <testcase name="Delete the added Veterinarian" classname="Test the Veterinarian Functionality" time="12.243">
    <system-out><![CDATA[
Scenario: Delete the added Veterinarian             &amp#27;[90m# src/test/java/com/healthPro/feature/client/Veterinarian.feature:16&amp#27;[0m
  &amp#27;[32mGiven &amp#27;[0m&amp#27;[32muser logged in to the application&amp#27;[0m           &amp#27;[90m# com.healthPro.stepDefinations.LoginSteps.userLoggedInToTheApplication()&amp#27;[0m
  &amp#27;[32mWhen &amp#27;[0m&amp#27;[32msearch for added Veterinarian and delete it.&amp#27;[0m &amp#27;[90m# com.healthPro.stepDefinations.VeterinarianPageSteps.searchForAddedVeterinarianAndDeleteIt()&amp#27;[0m
  &amp#27;[32mThen &amp#27;[0m&amp#27;[32mdeleted Veterinarian is not displayed&amp#27;[0m        &amp#27;[90m# com.healthPro.stepDefinations.VeterinarianPageSteps.deletedVeterinarianIsNotDisplayed()&amp#27;[0m
]]></system-out>
    <system-err><![CDATA[Jul 17, 2024 2:48:24 PM org.openqa.selenium.devtools.CdpVersionFinder findNearestMatch
WARNING: Unable to find an exact match for CDP version 126, returning the closest version; found: 125; Please update to a Selenium version that supports CDP version 126
]]></system-err>
  </testcase>
</testsuite>